<?xml version="1.0" encoding="UTF-8"?>
<robot generator="Robot 6.1 (Python 3.9.6 on darwin)" generated="20230625 18:36:20.634" rpa="false" schemaversion="4">
<suite id="s1" name="TestSuite" source="/Users/mbp2020/Documents/sequis-app/TestSuite">
<suite id="s1-s1" name="LoginSuite" source="/Users/mbp2020/Documents/sequis-app/TestSuite/LoginSuite.robot">
<kw name="Start Application on Local" library="prod" type="SETUP">
<kw name="Convert To Boolean" library="BuiltIn">
<var>${true}</var>
<arg>true</arg>
<doc>Converts the given item to Boolean true or false.</doc>
<msg timestamp="20230625 18:36:20.819" level="INFO">${true} = True</msg>
<status status="PASS" starttime="20230625 18:36:20.819" endtime="20230625 18:36:20.819"/>
</kw>
<kw name="Open Application" library="AppiumLibrary">
<arg>http://127.0.0.1:4723/wd/hub</arg>
<arg>platformName=android</arg>
<arg>platformVersion=8.0</arg>
<arg>udid=emulator-5554</arg>
<arg>app=${APKPATH}</arg>
<arg>appPackage=${APP PACKAGE}</arg>
<arg>appActivity=${APP ACTIVITY}</arg>
<arg>newCommandTimeout=2500</arg>
<arg>noReset=true</arg>
<arg>autoGrantPermissions=true</arg>
<arg>enableMultiWindows=${true}</arg>
<arg>unicodeKeyboard=true</arg>
<arg>resetKeyboard=true</arg>
<arg>automationName=uiautomator2</arg>
<arg>dontStopAppOnReset=true</arg>
<arg>adbExecTimeout=60000</arg>
<doc>Opens a new application to given Appium server.
Capabilities of appium server, Android and iOS,
Please check https://github.com/appium/appium/blob/master/docs/en/writing-running-appium/server-args.md
| *Option*            | *Man.* | *Description*     |
| remote_url          | Yes    | Appium server url |
| alias               | no     | alias             |
| strict_ssl          | No     | allows you to send commands to an invalid certificate host like a self-signed one. |</doc>
<status status="PASS" starttime="20230625 18:36:20.820" endtime="20230625 18:36:30.910"/>
</kw>
<status status="PASS" starttime="20230625 18:36:20.818" endtime="20230625 18:36:30.910"/>
</kw>
<test id="s1-s1-t1" name="verify user can input latlong fron geo location on login page" line="8">
<kw name="Input latlong value on login page" library="LoginTest">
<kw name="Given Access geo location page" library="LoginTest">
<kw name="Given user is on product list page" library="ProductListPage">
<kw name="Wait Until Element Is Visible" library="AppiumLibrary">
<arg>${imageProduct}</arg>
<doc>Waits until element specified with `locator` is visible.</doc>
<msg timestamp="20230625 18:36:32.241" level="INFO">xpath criteria: (//*[@content-desc='products screen']//*[@content-desc='store item'])[1]</msg>
<status status="PASS" starttime="20230625 18:36:30.922" endtime="20230625 18:36:32.241"/>
</kw>
<kw name="Element Should Be Visible" library="AppiumLibrary">
<arg>${imageProduct}</arg>
<doc>Verifies that element identified with locator is visible.</doc>
<msg timestamp="20230625 18:36:32.454" level="INFO">xpath criteria: (//*[@content-desc='products screen']//*[@content-desc='store item'])[1]</msg>
<status status="PASS" starttime="20230625 18:36:32.241" endtime="20230625 18:36:32.454"/>
</kw>
<status status="PASS" starttime="20230625 18:36:30.921" endtime="20230625 18:36:32.454"/>
</kw>
<kw name="When user open hamburger menu" library="ProductListPage">
<kw name="Wait Until Element Is Visible" library="AppiumLibrary">
<arg>${buttonMenu}</arg>
<doc>Waits until element specified with `locator` is visible.</doc>
<msg timestamp="20230625 18:36:32.620" level="INFO">xpath criteria: //*[@content-desc="open menu"]</msg>
<status status="PASS" starttime="20230625 18:36:32.455" endtime="20230625 18:36:32.620"/>
</kw>
<kw name="Click Element" library="AppiumLibrary">
<arg>${buttonMenu}</arg>
<doc>Click element identified by `locator`.</doc>
<msg timestamp="20230625 18:36:32.622" level="INFO">Clicking element 'xpath=//*[@content-desc="open menu"]'.</msg>
<msg timestamp="20230625 18:36:32.837" level="INFO">xpath criteria: //*[@content-desc="open menu"]</msg>
<status status="PASS" starttime="20230625 18:36:32.620" endtime="20230625 18:36:32.837"/>
</kw>
<status status="PASS" starttime="20230625 18:36:32.455" endtime="20230625 18:36:32.837"/>
</kw>
<kw name="And user go to geo location page" library="ProductListPage">
<kw name="Wait Until Element Is Visible" library="AppiumLibrary">
<arg>${textGeoLocation}</arg>
<doc>Waits until element specified with `locator` is visible.</doc>
<msg timestamp="20230625 18:36:34.496" level="INFO">xpath criteria: //*[@content-desc="menu item geo location"]
xpath criteria: //*[@content-desc="menu item geo location"]</msg>
<status status="PASS" starttime="20230625 18:36:32.838" endtime="20230625 18:36:34.496"/>
</kw>
<kw name="Click Element" library="AppiumLibrary">
<arg>${textGeoLocation}</arg>
<doc>Click element identified by `locator`.</doc>
<msg timestamp="20230625 18:36:34.498" level="INFO">Clicking element 'xpath=//*[@content-desc="menu item geo location"]'.</msg>
<msg timestamp="20230625 18:36:34.646" level="INFO">xpath criteria: //*[@content-desc="menu item geo location"]</msg>
<status status="PASS" starttime="20230625 18:36:34.496" endtime="20230625 18:36:34.646"/>
</kw>
<status status="PASS" starttime="20230625 18:36:32.838" endtime="20230625 18:36:34.646"/>
</kw>
<kw name="Then user is on geo location page" library="GeoLocationPage">
<kw name="Wait Until Element Is Visible" library="AppiumLibrary">
<arg>${buttonStartObserving}</arg>
<doc>Waits until element specified with `locator` is visible.</doc>
<msg timestamp="20230625 18:36:36.250" level="INFO">xpath criteria: //*[@content-desc="Start Observing button"]
xpath criteria: //*[@content-desc="Start Observing button"]</msg>
<status status="PASS" starttime="20230625 18:36:34.647" endtime="20230625 18:36:36.250"/>
</kw>
<kw name="Element Should Be Visible" library="AppiumLibrary">
<arg>${buttonStartObserving}</arg>
<doc>Verifies that element identified with locator is visible.</doc>
<msg timestamp="20230625 18:36:36.329" level="INFO">xpath criteria: //*[@content-desc="Start Observing button"]</msg>
<status status="PASS" starttime="20230625 18:36:36.250" endtime="20230625 18:36:36.329"/>
</kw>
<kw name="Element Should Be Visible" library="AppiumLibrary">
<arg>${buttonStopObserving}</arg>
<doc>Verifies that element identified with locator is visible.</doc>
<msg timestamp="20230625 18:36:36.616" level="INFO">xpath criteria: //*[@content-desc="Stop Observing button"]</msg>
<status status="PASS" starttime="20230625 18:36:36.329" endtime="20230625 18:36:36.616"/>
</kw>
<status status="PASS" starttime="20230625 18:36:34.646" endtime="20230625 18:36:36.616"/>
</kw>
<status status="PASS" starttime="20230625 18:36:30.918" endtime="20230625 18:36:36.617"/>
</kw>
<kw name="When Get latlong from geo location" library="LoginTest">
<kw name="Given user is on geo location page" library="GeoLocationPage">
<kw name="Wait Until Element Is Visible" library="AppiumLibrary">
<arg>${buttonStartObserving}</arg>
<doc>Waits until element specified with `locator` is visible.</doc>
<msg timestamp="20230625 18:36:36.701" level="INFO">xpath criteria: //*[@content-desc="Start Observing button"]</msg>
<status status="PASS" starttime="20230625 18:36:36.618" endtime="20230625 18:36:36.701"/>
</kw>
<kw name="Element Should Be Visible" library="AppiumLibrary">
<arg>${buttonStartObserving}</arg>
<doc>Verifies that element identified with locator is visible.</doc>
<msg timestamp="20230625 18:36:36.761" level="INFO">xpath criteria: //*[@content-desc="Start Observing button"]</msg>
<status status="PASS" starttime="20230625 18:36:36.702" endtime="20230625 18:36:36.762"/>
</kw>
<kw name="Element Should Be Visible" library="AppiumLibrary">
<arg>${buttonStopObserving}</arg>
<doc>Verifies that element identified with locator is visible.</doc>
<msg timestamp="20230625 18:36:36.836" level="INFO">xpath criteria: //*[@content-desc="Stop Observing button"]</msg>
<status status="PASS" starttime="20230625 18:36:36.762" endtime="20230625 18:36:36.836"/>
</kw>
<status status="PASS" starttime="20230625 18:36:36.618" endtime="20230625 18:36:36.836"/>
</kw>
<kw name="When user get latitude value" library="GeoLocationPage">
<kw name="Wait Until Element Is Visible" library="AppiumLibrary">
<arg>${textLatitudeValue}</arg>
<doc>Waits until element specified with `locator` is visible.</doc>
<msg timestamp="20230625 18:36:36.912" level="INFO">xpath criteria: //*[@content-desc="latitude data"]</msg>
<status status="PASS" starttime="20230625 18:36:36.837" endtime="20230625 18:36:36.912"/>
</kw>
<kw name="Get Text" library="AppiumLibrary">
<var>${latitude}</var>
<arg>${textLatitudeValue}</arg>
<doc>Get element text (for hybrid and mobile browser use `xpath` locator, others might cause problem)</doc>
<msg timestamp="20230625 18:36:36.980" level="INFO">Element 'xpath=//*[@content-desc="latitude data"]' text is '37.4219983' </msg>
<msg timestamp="20230625 18:36:36.980" level="INFO">xpath criteria: //*[@content-desc="latitude data"]</msg>
<msg timestamp="20230625 18:36:36.980" level="INFO">${latitude} = 37.4219983</msg>
<status status="PASS" starttime="20230625 18:36:36.912" endtime="20230625 18:36:36.980"/>
</kw>
<kw name="Log To Console" library="BuiltIn">
<arg>ini latitude : ${latitude}</arg>
<doc>Logs the given message to the console.</doc>
<status status="PASS" starttime="20230625 18:36:36.980" endtime="20230625 18:36:36.981"/>
</kw>
<kw name="Set Global Variable" library="BuiltIn">
<arg>${latitudeValue}</arg>
<arg>${latitude}</arg>
<doc>Makes a variable available globally in all tests and suites.</doc>
<msg timestamp="20230625 18:36:36.982" level="INFO">${latitudeValue} = 37.4219983</msg>
<status status="PASS" starttime="20230625 18:36:36.981" endtime="20230625 18:36:36.982"/>
</kw>
<status status="PASS" starttime="20230625 18:36:36.837" endtime="20230625 18:36:36.982"/>
</kw>
<kw name="And user get logitude value" library="GeoLocationPage">
<kw name="Wait Until Element Is Visible" library="AppiumLibrary">
<arg>${textLongitudeValue}</arg>
<doc>Waits until element specified with `locator` is visible.</doc>
<msg timestamp="20230625 18:36:37.069" level="INFO">xpath criteria: //*[@content-desc="longitude data"]</msg>
<status status="PASS" starttime="20230625 18:36:36.983" endtime="20230625 18:36:37.069"/>
</kw>
<kw name="Get Text" library="AppiumLibrary">
<var>${longitude}</var>
<arg>${textLongitudeValue}</arg>
<doc>Get element text (for hybrid and mobile browser use `xpath` locator, others might cause problem)</doc>
<msg timestamp="20230625 18:36:37.143" level="INFO">Element 'xpath=//*[@content-desc="longitude data"]' text is '-122.084' </msg>
<msg timestamp="20230625 18:36:37.143" level="INFO">xpath criteria: //*[@content-desc="longitude data"]</msg>
<msg timestamp="20230625 18:36:37.143" level="INFO">${longitude} = -122.084</msg>
<status status="PASS" starttime="20230625 18:36:37.069" endtime="20230625 18:36:37.143"/>
</kw>
<kw name="Log To Console" library="BuiltIn">
<arg>ini longitude : ${longitude}</arg>
<doc>Logs the given message to the console.</doc>
<status status="PASS" starttime="20230625 18:36:37.144" endtime="20230625 18:36:37.144"/>
</kw>
<kw name="Set Global Variable" library="BuiltIn">
<arg>${longitudeValue}</arg>
<arg>${longitude}</arg>
<doc>Makes a variable available globally in all tests and suites.</doc>
<msg timestamp="20230625 18:36:37.146" level="INFO">${longitudeValue} = -122.084</msg>
<status status="PASS" starttime="20230625 18:36:37.144" endtime="20230625 18:36:37.146"/>
</kw>
<status status="PASS" starttime="20230625 18:36:36.983" endtime="20230625 18:36:37.146"/>
</kw>
<status status="PASS" starttime="20230625 18:36:36.617" endtime="20230625 18:36:37.146"/>
</kw>
<kw name="And Access login page" library="LoginTest">
<kw name="When user open hamburger menu" library="ProductListPage">
<kw name="Wait Until Element Is Visible" library="AppiumLibrary">
<arg>${buttonMenu}</arg>
<doc>Waits until element specified with `locator` is visible.</doc>
<msg timestamp="20230625 18:36:37.225" level="INFO">xpath criteria: //*[@content-desc="open menu"]</msg>
<status status="PASS" starttime="20230625 18:36:37.147" endtime="20230625 18:36:37.225"/>
</kw>
<kw name="Click Element" library="AppiumLibrary">
<arg>${buttonMenu}</arg>
<doc>Click element identified by `locator`.</doc>
<msg timestamp="20230625 18:36:37.227" level="INFO">Clicking element 'xpath=//*[@content-desc="open menu"]'.</msg>
<msg timestamp="20230625 18:36:37.325" level="INFO">xpath criteria: //*[@content-desc="open menu"]</msg>
<status status="PASS" starttime="20230625 18:36:37.225" endtime="20230625 18:36:37.325"/>
</kw>
<status status="PASS" starttime="20230625 18:36:37.147" endtime="20230625 18:36:37.325"/>
</kw>
<kw name="And user go to login page" library="ProductListPage">
<kw name="Wait Until Element Is Visible" library="AppiumLibrary">
<arg>${textLogin}</arg>
<doc>Waits until element specified with `locator` is visible.</doc>
<msg timestamp="20230625 18:36:38.849" level="INFO">xpath criteria: //*[@content-desc="menu item log in"]
xpath criteria: //*[@content-desc="menu item log in"]</msg>
<status status="PASS" starttime="20230625 18:36:37.326" endtime="20230625 18:36:38.849"/>
</kw>
<kw name="Click Element" library="AppiumLibrary">
<arg>${textLogin}</arg>
<doc>Click element identified by `locator`.</doc>
<msg timestamp="20230625 18:36:38.851" level="INFO">Clicking element 'xpath=//*[@content-desc="menu item log in"]'.</msg>
<msg timestamp="20230625 18:36:38.940" level="INFO">xpath criteria: //*[@content-desc="menu item log in"]</msg>
<status status="PASS" starttime="20230625 18:36:38.850" endtime="20230625 18:36:38.940"/>
</kw>
<status status="PASS" starttime="20230625 18:36:37.325" endtime="20230625 18:36:38.940"/>
</kw>
<kw name="Then user is on login page" library="LoginPage">
<kw name="Wait Until Element Is Visible" library="AppiumLibrary">
<arg>${inputUsernameOnLoginPage}</arg>
<doc>Waits until element specified with `locator` is visible.</doc>
<msg timestamp="20230625 18:36:40.799" level="INFO">xpath criteria: //*[@content-desc="Username input field"]
xpath criteria: //*[@content-desc="Username input field"]</msg>
<status status="PASS" starttime="20230625 18:36:38.941" endtime="20230625 18:36:40.799"/>
</kw>
<kw name="Element Should Be Visible" library="AppiumLibrary">
<arg>${inputUsernameOnLoginPage}</arg>
<doc>Verifies that element identified with locator is visible.</doc>
<msg timestamp="20230625 18:36:41.281" level="INFO">xpath criteria: //*[@content-desc="Username input field"]</msg>
<status status="PASS" starttime="20230625 18:36:40.800" endtime="20230625 18:36:41.282"/>
</kw>
<kw name="Element Should Be Visible" library="AppiumLibrary">
<arg>${inputPasswordOnLoginPage}</arg>
<doc>Verifies that element identified with locator is visible.</doc>
<msg timestamp="20230625 18:36:41.471" level="INFO">xpath criteria: //*[@content-desc="Password input field"]</msg>
<status status="PASS" starttime="20230625 18:36:41.282" endtime="20230625 18:36:41.471"/>
</kw>
<kw name="Element Should Be Visible" library="AppiumLibrary">
<arg>${buttonLogin}</arg>
<doc>Verifies that element identified with locator is visible.</doc>
<msg timestamp="20230625 18:36:41.689" level="INFO">xpath criteria: //*[@content-desc="Login button"]</msg>
<status status="PASS" starttime="20230625 18:36:41.471" endtime="20230625 18:36:41.689"/>
</kw>
<status status="PASS" starttime="20230625 18:36:38.941" endtime="20230625 18:36:41.689"/>
</kw>
<status status="PASS" starttime="20230625 18:36:37.146" endtime="20230625 18:36:41.689"/>
</kw>
<kw name="And user input username for login" library="LoginPage">
<arg>${latitudeValue}</arg>
<kw name="Wait Until Element Is Visible" library="AppiumLibrary">
<arg>${inputUsernameOnLoginPage}</arg>
<doc>Waits until element specified with `locator` is visible.</doc>
<msg timestamp="20230625 18:36:41.876" level="INFO">xpath criteria: //*[@content-desc="Username input field"]</msg>
<status status="PASS" starttime="20230625 18:36:41.690" endtime="20230625 18:36:41.876"/>
</kw>
<kw name="Input Text" library="AppiumLibrary">
<arg>${inputUsernameOnLoginPage}</arg>
<arg>${userName}</arg>
<doc>Types the given `text` into text field identified by `locator`.</doc>
<msg timestamp="20230625 18:36:41.879" level="INFO">Typing text '37.4219983' into text field 'xpath=//*[@content-desc="Username input field"]'</msg>
<msg timestamp="20230625 18:36:42.171" level="INFO">xpath criteria: //*[@content-desc="Username input field"]</msg>
<status status="PASS" starttime="20230625 18:36:41.877" endtime="20230625 18:36:42.171"/>
</kw>
<status status="PASS" starttime="20230625 18:36:41.690" endtime="20230625 18:36:42.171"/>
</kw>
<kw name="And user input password for login" library="LoginPage">
<arg>${longitudeValue}</arg>
<kw name="Wait Until Element Is Visible" library="AppiumLibrary">
<arg>${inputPasswordOnLoginPage}</arg>
<doc>Waits until element specified with `locator` is visible.</doc>
<msg timestamp="20230625 18:36:42.844" level="INFO">xpath criteria: //*[@content-desc="Password input field"]</msg>
<status status="PASS" starttime="20230625 18:36:42.172" endtime="20230625 18:36:42.844"/>
</kw>
<kw name="Input Text" library="AppiumLibrary">
<arg>${inputPasswordOnLoginPage}</arg>
<arg>${userPassword}</arg>
<doc>Types the given `text` into text field identified by `locator`.</doc>
<msg timestamp="20230625 18:36:42.846" level="INFO">Typing text '-122.084' into text field 'xpath=//*[@content-desc="Password input field"]'</msg>
<msg timestamp="20230625 18:36:42.907" level="INFO">xpath criteria: //*[@content-desc="Password input field"]</msg>
<status status="PASS" starttime="20230625 18:36:42.844" endtime="20230625 18:36:42.907"/>
</kw>
<status status="PASS" starttime="20230625 18:36:42.172" endtime="20230625 18:36:42.907"/>
</kw>
<kw name="And user click button login on login page" library="LoginPage">
<kw name="Wait Until Element Is Visible" library="AppiumLibrary">
<arg>${buttonLogin}</arg>
<doc>Waits until element specified with `locator` is visible.</doc>
<msg timestamp="20230625 18:36:43.577" level="INFO">xpath criteria: //*[@content-desc="Login button"]</msg>
<status status="PASS" starttime="20230625 18:36:42.907" endtime="20230625 18:36:43.577"/>
</kw>
<kw name="Click Element" library="AppiumLibrary">
<arg>${buttonLogin}</arg>
<doc>Click element identified by `locator`.</doc>
<msg timestamp="20230625 18:36:43.579" level="INFO">Clicking element 'xpath=//*[@content-desc="Login button"]'.</msg>
<msg timestamp="20230625 18:36:43.643" level="INFO">xpath criteria: //*[@content-desc="Login button"]</msg>
<status status="PASS" starttime="20230625 18:36:43.577" endtime="20230625 18:36:43.644"/>
</kw>
<status status="PASS" starttime="20230625 18:36:42.907" endtime="20230625 18:36:43.644"/>
</kw>
<kw name="Then user should failed to login" library="LoginPage">
<kw name="Wait Until Element Is Visible" library="AppiumLibrary">
<arg>${textErrorOnLoginPage}</arg>
<doc>Waits until element specified with `locator` is visible.</doc>
<msg timestamp="20230625 18:36:44.328" level="INFO">xpath criteria: //*[@content-desc="generic-error-message"]</msg>
<status status="PASS" starttime="20230625 18:36:43.644" endtime="20230625 18:36:44.329"/>
</kw>
<kw name="Element Should Be Visible" library="AppiumLibrary">
<arg>${textErrorOnLoginPage}</arg>
<doc>Verifies that element identified with locator is visible.</doc>
<msg timestamp="20230625 18:36:44.387" level="INFO">xpath criteria: //*[@content-desc="generic-error-message"]</msg>
<status status="PASS" starttime="20230625 18:36:44.329" endtime="20230625 18:36:44.387"/>
</kw>
<status status="PASS" starttime="20230625 18:36:43.644" endtime="20230625 18:36:44.387"/>
</kw>
<status status="PASS" starttime="20230625 18:36:30.916" endtime="20230625 18:36:44.387"/>
</kw>
<doc>this scenario to verify user can input latlong on login page</doc>
<tag>credentials</tag>
<tag>geolocation</tag>
<tag>latlong</tag>
<tag>login</tag>
<tag>negative</tag>
<tag>prod</tag>
<status status="PASS" starttime="20230625 18:36:30.911" endtime="20230625 18:36:44.387"/>
</test>
<test id="s1-s1-t2" name="verify user can login with autofill credentials" line="14">
<kw name="Success login with autofill credentials" library="LoginTest">
<kw name="Given Access login page" library="LoginTest">
<kw name="When user open hamburger menu" library="ProductListPage">
<kw name="Wait Until Element Is Visible" library="AppiumLibrary">
<arg>${buttonMenu}</arg>
<doc>Waits until element specified with `locator` is visible.</doc>
<msg timestamp="20230625 18:36:44.454" level="INFO">xpath criteria: //*[@content-desc="open menu"]</msg>
<status status="PASS" starttime="20230625 18:36:44.389" endtime="20230625 18:36:44.454"/>
</kw>
<kw name="Click Element" library="AppiumLibrary">
<arg>${buttonMenu}</arg>
<doc>Click element identified by `locator`.</doc>
<msg timestamp="20230625 18:36:44.456" level="INFO">Clicking element 'xpath=//*[@content-desc="open menu"]'.</msg>
<msg timestamp="20230625 18:36:44.546" level="INFO">xpath criteria: //*[@content-desc="open menu"]</msg>
<status status="PASS" starttime="20230625 18:36:44.454" endtime="20230625 18:36:44.546"/>
</kw>
<status status="PASS" starttime="20230625 18:36:44.389" endtime="20230625 18:36:44.546"/>
</kw>
<kw name="And user go to login page" library="ProductListPage">
<kw name="Wait Until Element Is Visible" library="AppiumLibrary">
<arg>${textLogin}</arg>
<doc>Waits until element specified with `locator` is visible.</doc>
<msg timestamp="20230625 18:36:46.102" level="INFO">xpath criteria: //*[@content-desc="menu item log in"]
xpath criteria: //*[@content-desc="menu item log in"]</msg>
<status status="PASS" starttime="20230625 18:36:44.546" endtime="20230625 18:36:46.102"/>
</kw>
<kw name="Click Element" library="AppiumLibrary">
<arg>${textLogin}</arg>
<doc>Click element identified by `locator`.</doc>
<msg timestamp="20230625 18:36:46.104" level="INFO">Clicking element 'xpath=//*[@content-desc="menu item log in"]'.</msg>
<msg timestamp="20230625 18:36:46.185" level="INFO">xpath criteria: //*[@content-desc="menu item log in"]</msg>
<status status="PASS" starttime="20230625 18:36:46.102" endtime="20230625 18:36:46.185"/>
</kw>
<status status="PASS" starttime="20230625 18:36:44.546" endtime="20230625 18:36:46.185"/>
</kw>
<kw name="Then user is on login page" library="LoginPage">
<kw name="Wait Until Element Is Visible" library="AppiumLibrary">
<arg>${inputUsernameOnLoginPage}</arg>
<doc>Waits until element specified with `locator` is visible.</doc>
<msg timestamp="20230625 18:36:47.671" level="INFO">xpath criteria: //*[@content-desc="Username input field"]</msg>
<status status="PASS" starttime="20230625 18:36:46.185" endtime="20230625 18:36:47.671"/>
</kw>
<kw name="Element Should Be Visible" library="AppiumLibrary">
<arg>${inputUsernameOnLoginPage}</arg>
<doc>Verifies that element identified with locator is visible.</doc>
<msg timestamp="20230625 18:36:47.726" level="INFO">xpath criteria: //*[@content-desc="Username input field"]</msg>
<status status="PASS" starttime="20230625 18:36:47.671" endtime="20230625 18:36:47.726"/>
</kw>
<kw name="Element Should Be Visible" library="AppiumLibrary">
<arg>${inputPasswordOnLoginPage}</arg>
<doc>Verifies that element identified with locator is visible.</doc>
<msg timestamp="20230625 18:36:47.857" level="INFO">xpath criteria: //*[@content-desc="Password input field"]</msg>
<status status="PASS" starttime="20230625 18:36:47.727" endtime="20230625 18:36:47.857"/>
</kw>
<kw name="Element Should Be Visible" library="AppiumLibrary">
<arg>${buttonLogin}</arg>
<doc>Verifies that element identified with locator is visible.</doc>
<msg timestamp="20230625 18:36:47.917" level="INFO">xpath criteria: //*[@content-desc="Login button"]</msg>
<status status="PASS" starttime="20230625 18:36:47.857" endtime="20230625 18:36:47.917"/>
</kw>
<status status="PASS" starttime="20230625 18:36:46.185" endtime="20230625 18:36:47.917"/>
</kw>
<status status="PASS" starttime="20230625 18:36:44.389" endtime="20230625 18:36:47.917"/>
</kw>
<kw name="When user input credentials with autofill" library="LoginPage">
<kw name="Wait Until Element Is Visible" library="AppiumLibrary">
<arg>${textValidAutofillCredentials}</arg>
<doc>Waits until element specified with `locator` is visible.</doc>
<msg timestamp="20230625 18:36:47.971" level="INFO">xpath criteria: //*[@content-desc="bob@example.com-autofill"]</msg>
<status status="PASS" starttime="20230625 18:36:47.918" endtime="20230625 18:36:47.971"/>
</kw>
<kw name="Click Element" library="AppiumLibrary">
<arg>${textValidAutofillCredentials}</arg>
<doc>Click element identified by `locator`.</doc>
<msg timestamp="20230625 18:36:47.973" level="INFO">Clicking element 'xpath=//*[@content-desc="bob@example.com-autofill"]'.</msg>
<msg timestamp="20230625 18:36:48.062" level="INFO">xpath criteria: //*[@content-desc="bob@example.com-autofill"]</msg>
<status status="PASS" starttime="20230625 18:36:47.971" endtime="20230625 18:36:48.062"/>
</kw>
<status status="PASS" starttime="20230625 18:36:47.917" endtime="20230625 18:36:48.062"/>
</kw>
<kw name="And user click button login on login page" library="LoginPage">
<kw name="Wait Until Element Is Visible" library="AppiumLibrary">
<arg>${buttonLogin}</arg>
<doc>Waits until element specified with `locator` is visible.</doc>
<msg timestamp="20230625 18:36:48.709" level="INFO">xpath criteria: //*[@content-desc="Login button"]</msg>
<status status="PASS" starttime="20230625 18:36:48.062" endtime="20230625 18:36:48.710"/>
</kw>
<kw name="Click Element" library="AppiumLibrary">
<arg>${buttonLogin}</arg>
<doc>Click element identified by `locator`.</doc>
<msg timestamp="20230625 18:36:48.713" level="INFO">Clicking element 'xpath=//*[@content-desc="Login button"]'.</msg>
<msg timestamp="20230625 18:36:48.779" level="INFO">xpath criteria: //*[@content-desc="Login button"]</msg>
<status status="PASS" starttime="20230625 18:36:48.710" endtime="20230625 18:36:48.779"/>
</kw>
<status status="PASS" starttime="20230625 18:36:48.062" endtime="20230625 18:36:48.779"/>
</kw>
<kw name="Then user success to login" library="LoginPage">
<kw name="Wait Until Page Does Not Contain" library="AppiumLibrary">
<arg>${buttonLogin}</arg>
<doc>Waits until `text` disappears from current page.</doc>
<status status="PASS" starttime="20230625 18:36:48.779" endtime="20230625 18:36:49.066"/>
</kw>
<kw name="Sleep" library="BuiltIn">
<arg>3</arg>
<doc>Pauses the test executed for the given time.</doc>
<msg timestamp="20230625 18:36:52.077" level="INFO">Slept 3 seconds</msg>
<status status="PASS" starttime="20230625 18:36:49.066" endtime="20230625 18:36:52.077"/>
</kw>
<kw name="Page Should Not Contain Element" library="AppiumLibrary">
<arg>${buttonLogin}</arg>
<doc>Verifies that current page not contains `locator` element.</doc>
<msg timestamp="20230625 18:36:52.148" level="INFO">Current page not contains element 'xpath=//*[@content-desc="Login button"]'.</msg>
<msg timestamp="20230625 18:36:52.148" level="INFO">xpath criteria: //*[@content-desc="Login button"]</msg>
<status status="PASS" starttime="20230625 18:36:52.078" endtime="20230625 18:36:52.148"/>
</kw>
<status status="PASS" starttime="20230625 18:36:48.779" endtime="20230625 18:36:52.148"/>
</kw>
<status status="PASS" starttime="20230625 18:36:44.388" endtime="20230625 18:36:52.148"/>
</kw>
<doc>this scenario to verify user can login with autofill credentials</doc>
<tag>credentials</tag>
<tag>login</tag>
<tag>positive</tag>
<tag>prod</tag>
<status status="PASS" starttime="20230625 18:36:44.388" endtime="20230625 18:36:52.148"/>
</test>
<kw name="After Suite" library="prod" type="TEARDOWN">
<kw name="Remove Application" library="AppiumLibrary">
<arg>${APP PACKAGE}</arg>
<doc>Removes the application that is identified with an application id</doc>
<status status="PASS" starttime="20230625 18:36:52.149" endtime="20230625 18:36:52.782"/>
</kw>
<kw name="Close Application" library="AppiumLibrary">
<doc>Closes the current application and also close webdriver session.</doc>
<status status="PASS" starttime="20230625 18:36:52.782" endtime="20230625 18:36:53.308"/>
</kw>
<status status="PASS" starttime="20230625 18:36:52.149" endtime="20230625 18:36:53.308"/>
</kw>
<status status="PASS" starttime="20230625 18:36:20.654" endtime="20230625 18:36:53.308"/>
</suite>
<suite id="s1-s2" name="OrderSuite" source="/Users/mbp2020/Documents/sequis-app/TestSuite/OrderSuite.robot">
<kw name="Start Application on Local" library="prod" type="SETUP">
<kw name="Convert To Boolean" library="BuiltIn">
<var>${true}</var>
<arg>true</arg>
<doc>Converts the given item to Boolean true or false.</doc>
<msg timestamp="20230625 18:36:53.368" level="INFO">${true} = True</msg>
<status status="PASS" starttime="20230625 18:36:53.367" endtime="20230625 18:36:53.368"/>
</kw>
<kw name="Open Application" library="AppiumLibrary">
<arg>http://127.0.0.1:4723/wd/hub</arg>
<arg>platformName=android</arg>
<arg>platformVersion=8.0</arg>
<arg>udid=emulator-5554</arg>
<arg>app=${APKPATH}</arg>
<arg>appPackage=${APP PACKAGE}</arg>
<arg>appActivity=${APP ACTIVITY}</arg>
<arg>newCommandTimeout=2500</arg>
<arg>noReset=true</arg>
<arg>autoGrantPermissions=true</arg>
<arg>enableMultiWindows=${true}</arg>
<arg>unicodeKeyboard=true</arg>
<arg>resetKeyboard=true</arg>
<arg>automationName=uiautomator2</arg>
<arg>dontStopAppOnReset=true</arg>
<arg>adbExecTimeout=60000</arg>
<doc>Opens a new application to given Appium server.
Capabilities of appium server, Android and iOS,
Please check https://github.com/appium/appium/blob/master/docs/en/writing-running-appium/server-args.md
| *Option*            | *Man.* | *Description*     |
| remote_url          | Yes    | Appium server url |
| alias               | no     | alias             |
| strict_ssl          | No     | allows you to send commands to an invalid certificate host like a self-signed one. |</doc>
<status status="PASS" starttime="20230625 18:36:53.368" endtime="20230625 18:37:03.380"/>
</kw>
<status status="PASS" starttime="20230625 18:36:53.367" endtime="20230625 18:37:03.380"/>
</kw>
<test id="s1-s2-t1" name="verify user can create order" line="8">
<kw name="Create order" library="OrderTest">
<kw name="Given Add product to cart" library="OrderTest">
<kw name="Given Success login with autofill credentials" library="LoginTest">
<kw name="Given Access login page" library="LoginTest">
<kw name="When user open hamburger menu" library="ProductListPage">
<kw name="Wait Until Element Is Visible" library="AppiumLibrary">
<arg>${buttonMenu}</arg>
<doc>Waits until element specified with `locator` is visible.</doc>
<msg timestamp="20230625 18:37:04.820" level="INFO">xpath criteria: //*[@content-desc="open menu"]</msg>
<status status="PASS" starttime="20230625 18:37:03.389" endtime="20230625 18:37:04.820"/>
</kw>
<kw name="Click Element" library="AppiumLibrary">
<arg>${buttonMenu}</arg>
<doc>Click element identified by `locator`.</doc>
<msg timestamp="20230625 18:37:04.823" level="INFO">Clicking element 'xpath=//*[@content-desc="open menu"]'.</msg>
<msg timestamp="20230625 18:37:05.034" level="INFO">xpath criteria: //*[@content-desc="open menu"]</msg>
<status status="PASS" starttime="20230625 18:37:04.820" endtime="20230625 18:37:05.034"/>
</kw>
<status status="PASS" starttime="20230625 18:37:03.388" endtime="20230625 18:37:05.034"/>
</kw>
<kw name="And user go to login page" library="ProductListPage">
<kw name="Wait Until Element Is Visible" library="AppiumLibrary">
<arg>${textLogin}</arg>
<doc>Waits until element specified with `locator` is visible.</doc>
<msg timestamp="20230625 18:37:06.755" level="INFO">xpath criteria: //*[@content-desc="menu item log in"]
xpath criteria: //*[@content-desc="menu item log in"]</msg>
<status status="PASS" starttime="20230625 18:37:05.034" endtime="20230625 18:37:06.755"/>
</kw>
<kw name="Click Element" library="AppiumLibrary">
<arg>${textLogin}</arg>
<doc>Click element identified by `locator`.</doc>
<msg timestamp="20230625 18:37:06.758" level="INFO">Clicking element 'xpath=//*[@content-desc="menu item log in"]'.</msg>
<msg timestamp="20230625 18:37:06.929" level="INFO">xpath criteria: //*[@content-desc="menu item log in"]</msg>
<status status="PASS" starttime="20230625 18:37:06.755" endtime="20230625 18:37:06.930"/>
</kw>
<status status="PASS" starttime="20230625 18:37:05.034" endtime="20230625 18:37:06.930"/>
</kw>
<kw name="Then user is on login page" library="LoginPage">
<kw name="Wait Until Element Is Visible" library="AppiumLibrary">
<arg>${inputUsernameOnLoginPage}</arg>
<doc>Waits until element specified with `locator` is visible.</doc>
<msg timestamp="20230625 18:37:08.553" level="INFO">xpath criteria: //*[@content-desc="Username input field"]
xpath criteria: //*[@content-desc="Username input field"]</msg>
<status status="PASS" starttime="20230625 18:37:06.930" endtime="20230625 18:37:08.554"/>
</kw>
<kw name="Element Should Be Visible" library="AppiumLibrary">
<arg>${inputUsernameOnLoginPage}</arg>
<doc>Verifies that element identified with locator is visible.</doc>
<msg timestamp="20230625 18:37:08.672" level="INFO">xpath criteria: //*[@content-desc="Username input field"]</msg>
<status status="PASS" starttime="20230625 18:37:08.554" endtime="20230625 18:37:08.672"/>
</kw>
<kw name="Element Should Be Visible" library="AppiumLibrary">
<arg>${inputPasswordOnLoginPage}</arg>
<doc>Verifies that element identified with locator is visible.</doc>
<msg timestamp="20230625 18:37:08.972" level="INFO">xpath criteria: //*[@content-desc="Password input field"]</msg>
<status status="PASS" starttime="20230625 18:37:08.672" endtime="20230625 18:37:08.972"/>
</kw>
<kw name="Element Should Be Visible" library="AppiumLibrary">
<arg>${buttonLogin}</arg>
<doc>Verifies that element identified with locator is visible.</doc>
<msg timestamp="20230625 18:37:09.052" level="INFO">xpath criteria: //*[@content-desc="Login button"]</msg>
<status status="PASS" starttime="20230625 18:37:08.972" endtime="20230625 18:37:09.052"/>
</kw>
<status status="PASS" starttime="20230625 18:37:06.930" endtime="20230625 18:37:09.052"/>
</kw>
<status status="PASS" starttime="20230625 18:37:03.386" endtime="20230625 18:37:09.052"/>
</kw>
<kw name="When user input credentials with autofill" library="LoginPage">
<kw name="Wait Until Element Is Visible" library="AppiumLibrary">
<arg>${textValidAutofillCredentials}</arg>
<doc>Waits until element specified with `locator` is visible.</doc>
<msg timestamp="20230625 18:37:09.130" level="INFO">xpath criteria: //*[@content-desc="bob@example.com-autofill"]</msg>
<status status="PASS" starttime="20230625 18:37:09.052" endtime="20230625 18:37:09.130"/>
</kw>
<kw name="Click Element" library="AppiumLibrary">
<arg>${textValidAutofillCredentials}</arg>
<doc>Click element identified by `locator`.</doc>
<msg timestamp="20230625 18:37:09.133" level="INFO">Clicking element 'xpath=//*[@content-desc="bob@example.com-autofill"]'.</msg>
<msg timestamp="20230625 18:37:09.209" level="INFO">xpath criteria: //*[@content-desc="bob@example.com-autofill"]</msg>
<status status="PASS" starttime="20230625 18:37:09.130" endtime="20230625 18:37:09.209"/>
</kw>
<status status="PASS" starttime="20230625 18:37:09.052" endtime="20230625 18:37:09.209"/>
</kw>
<kw name="And user click button login on login page" library="LoginPage">
<kw name="Wait Until Element Is Visible" library="AppiumLibrary">
<arg>${buttonLogin}</arg>
<doc>Waits until element specified with `locator` is visible.</doc>
<msg timestamp="20230625 18:37:09.877" level="INFO">xpath criteria: //*[@content-desc="Login button"]</msg>
<status status="PASS" starttime="20230625 18:37:09.210" endtime="20230625 18:37:09.877"/>
</kw>
<kw name="Click Element" library="AppiumLibrary">
<arg>${buttonLogin}</arg>
<doc>Click element identified by `locator`.</doc>
<msg timestamp="20230625 18:37:09.880" level="INFO">Clicking element 'xpath=//*[@content-desc="Login button"]'.</msg>
<msg timestamp="20230625 18:37:10.310" level="INFO">xpath criteria: //*[@content-desc="Login button"]</msg>
<status status="PASS" starttime="20230625 18:37:09.878" endtime="20230625 18:37:10.310"/>
</kw>
<status status="PASS" starttime="20230625 18:37:09.209" endtime="20230625 18:37:10.310"/>
</kw>
<kw name="Then user success to login" library="LoginPage">
<kw name="Wait Until Page Does Not Contain" library="AppiumLibrary">
<arg>${buttonLogin}</arg>
<doc>Waits until `text` disappears from current page.</doc>
<status status="PASS" starttime="20230625 18:37:10.311" endtime="20230625 18:37:11.722"/>
</kw>
<kw name="Sleep" library="BuiltIn">
<arg>3</arg>
<doc>Pauses the test executed for the given time.</doc>
<msg timestamp="20230625 18:37:14.723" level="INFO">Slept 3 seconds</msg>
<status status="PASS" starttime="20230625 18:37:11.722" endtime="20230625 18:37:14.724"/>
</kw>
<kw name="Page Should Not Contain Element" library="AppiumLibrary">
<arg>${buttonLogin}</arg>
<doc>Verifies that current page not contains `locator` element.</doc>
<msg timestamp="20230625 18:37:14.848" level="INFO">Current page not contains element 'xpath=//*[@content-desc="Login button"]'.</msg>
<msg timestamp="20230625 18:37:14.848" level="INFO">xpath criteria: //*[@content-desc="Login button"]</msg>
<status status="PASS" starttime="20230625 18:37:14.724" endtime="20230625 18:37:14.848"/>
</kw>
<status status="PASS" starttime="20230625 18:37:10.311" endtime="20230625 18:37:14.848"/>
</kw>
<status status="PASS" starttime="20230625 18:37:03.385" endtime="20230625 18:37:14.848"/>
</kw>
<kw name="When user go to product detail page" library="ProductListPage">
<kw name="Wait Until Element Is Visible" library="AppiumLibrary">
<arg>${imageProduct}</arg>
<doc>Waits until element specified with `locator` is visible.</doc>
<msg timestamp="20230625 18:37:14.953" level="INFO">xpath criteria: (//*[@content-desc='products screen']//*[@content-desc='store item'])[1]</msg>
<status status="PASS" starttime="20230625 18:37:14.849" endtime="20230625 18:37:14.953"/>
</kw>
<kw name="Click Element" library="AppiumLibrary">
<arg>${imageProduct}</arg>
<doc>Click element identified by `locator`.</doc>
<msg timestamp="20230625 18:37:14.955" level="INFO">Clicking element 'xpath=(//*[@content-desc='products screen']//*[@content-desc='store item'])[1]'.</msg>
<msg timestamp="20230625 18:37:15.082" level="INFO">xpath criteria: (//*[@content-desc='products screen']//*[@content-desc='store item'])[1]</msg>
<status status="PASS" starttime="20230625 18:37:14.953" endtime="20230625 18:37:15.083"/>
</kw>
<status status="PASS" starttime="20230625 18:37:14.848" endtime="20230625 18:37:15.083"/>
</kw>
<kw name="And user add product to cart" library="ProductDetailPage">
<kw name="Wait Until Element Is Visible" library="AppiumLibrary">
<arg>${buttonAddToCart}</arg>
<doc>Waits until element specified with `locator` is visible.</doc>
<msg timestamp="20230625 18:37:16.281" level="INFO">xpath criteria: //*[@content-desc="Add To Cart button"]
xpath criteria: //*[@content-desc="Add To Cart button"]</msg>
<status status="PASS" starttime="20230625 18:37:15.083" endtime="20230625 18:37:16.281"/>
</kw>
<kw name="Click Element" library="AppiumLibrary">
<arg>${buttonAddToCart}</arg>
<doc>Click element identified by `locator`.</doc>
<msg timestamp="20230625 18:37:16.284" level="INFO">Clicking element 'xpath=//*[@content-desc="Add To Cart button"]'.</msg>
<msg timestamp="20230625 18:37:16.383" level="INFO">xpath criteria: //*[@content-desc="Add To Cart button"]</msg>
<status status="PASS" starttime="20230625 18:37:16.282" endtime="20230625 18:37:16.383"/>
</kw>
<status status="PASS" starttime="20230625 18:37:15.083" endtime="20230625 18:37:16.383"/>
</kw>
<kw name="And user go to cart page" library="ProductDetailPage">
<kw name="Wait Until Element Is Visible" library="AppiumLibrary">
<arg>${iconCart}</arg>
<doc>Waits until element specified with `locator` is visible.</doc>
<msg timestamp="20230625 18:37:16.490" level="INFO">xpath criteria: //*[@content-desc="cart badge"]</msg>
<status status="PASS" starttime="20230625 18:37:16.384" endtime="20230625 18:37:16.491"/>
</kw>
<kw name="Click Element" library="AppiumLibrary">
<arg>${iconCart}</arg>
<doc>Click element identified by `locator`.</doc>
<msg timestamp="20230625 18:37:16.493" level="INFO">Clicking element 'xpath=//*[@content-desc="cart badge"]'.</msg>
<msg timestamp="20230625 18:37:17.157" level="INFO">xpath criteria: //*[@content-desc="cart badge"]</msg>
<status status="PASS" starttime="20230625 18:37:16.491" endtime="20230625 18:37:17.157"/>
</kw>
<status status="PASS" starttime="20230625 18:37:16.383" endtime="20230625 18:37:17.157"/>
</kw>
<kw name="Then user is on cart page" library="CartPage">
<kw name="Wait Until Element Is Visible" library="AppiumLibrary">
<arg>${textProductNameOnCart}</arg>
<doc>Waits until element specified with `locator` is visible.</doc>
<msg timestamp="20230625 18:37:17.871" level="INFO">xpath criteria: //*[@content-desc="product label"]
xpath criteria: //*[@content-desc="product label"]</msg>
<status status="PASS" starttime="20230625 18:37:17.157" endtime="20230625 18:37:17.871"/>
</kw>
<kw name="Element Should Be Visible" library="AppiumLibrary">
<arg>${textProductNameOnCart}</arg>
<doc>Verifies that element identified with locator is visible.</doc>
<msg timestamp="20230625 18:37:17.953" level="INFO">xpath criteria: //*[@content-desc="product label"]</msg>
<status status="PASS" starttime="20230625 18:37:17.871" endtime="20230625 18:37:17.953"/>
</kw>
<kw name="Element Should Be Visible" library="AppiumLibrary">
<arg>${textProductPriceOnCart}</arg>
<doc>Verifies that element identified with locator is visible.</doc>
<msg timestamp="20230625 18:37:18.022" level="INFO">xpath criteria: //*[@content-desc="product price"]</msg>
<status status="PASS" starttime="20230625 18:37:17.954" endtime="20230625 18:37:18.022"/>
</kw>
<kw name="Element Should Be Visible" library="AppiumLibrary">
<arg>${textTotalPriceOnCart}</arg>
<doc>Verifies that element identified with locator is visible.</doc>
<msg timestamp="20230625 18:37:18.084" level="INFO">xpath criteria: //*[@content-desc="total price"]</msg>
<status status="PASS" starttime="20230625 18:37:18.022" endtime="20230625 18:37:18.084"/>
</kw>
<kw name="Element Should Be Visible" library="AppiumLibrary">
<arg>${buttonCheckout}</arg>
<doc>Verifies that element identified with locator is visible.</doc>
<msg timestamp="20230625 18:37:18.152" level="INFO">xpath criteria: //*[@content-desc="Proceed To Checkout button"]</msg>
<status status="PASS" starttime="20230625 18:37:18.084" endtime="20230625 18:37:18.152"/>
</kw>
<status status="PASS" starttime="20230625 18:37:17.157" endtime="20230625 18:37:18.152"/>
</kw>
<status status="PASS" starttime="20230625 18:37:03.384" endtime="20230625 18:37:18.153"/>
</kw>
<kw name="When user go to checkout page" library="CartPage">
<kw name="Wait Until Element Is Visible" library="AppiumLibrary">
<arg>${buttonCheckout}</arg>
<doc>Waits until element specified with `locator` is visible.</doc>
<msg timestamp="20230625 18:37:18.242" level="INFO">xpath criteria: //*[@content-desc="Proceed To Checkout button"]</msg>
<status status="PASS" starttime="20230625 18:37:18.153" endtime="20230625 18:37:18.242"/>
</kw>
<kw name="Click Element" library="AppiumLibrary">
<arg>${buttonCheckout}</arg>
<doc>Click element identified by `locator`.</doc>
<msg timestamp="20230625 18:37:18.244" level="INFO">Clicking element 'xpath=//*[@content-desc="Proceed To Checkout button"]'.</msg>
<msg timestamp="20230625 18:37:18.326" level="INFO">xpath criteria: //*[@content-desc="Proceed To Checkout button"]</msg>
<status status="PASS" starttime="20230625 18:37:18.242" endtime="20230625 18:37:18.326"/>
</kw>
<status status="PASS" starttime="20230625 18:37:18.153" endtime="20230625 18:37:18.326"/>
</kw>
<kw name="Then user is on checkout page" library="CheckoutPage">
<kw name="Wait Until Element Is Visible" library="AppiumLibrary">
<arg>${inputNameOnCheckoutPage}</arg>
<doc>Waits until element specified with `locator` is visible.</doc>
<msg timestamp="20230625 18:37:19.586" level="INFO">xpath criteria: //*[@content-desc="Full Name* input field"]
xpath criteria: //*[@content-desc="Full Name* input field"]</msg>
<status status="PASS" starttime="20230625 18:37:18.327" endtime="20230625 18:37:19.586"/>
</kw>
<kw name="Element Should Be Visible" library="AppiumLibrary">
<arg>${inputNameOnCheckoutPage}</arg>
<doc>Verifies that element identified with locator is visible.</doc>
<msg timestamp="20230625 18:37:19.653" level="INFO">xpath criteria: //*[@content-desc="Full Name* input field"]</msg>
<status status="PASS" starttime="20230625 18:37:19.586" endtime="20230625 18:37:19.653"/>
</kw>
<kw name="Element Should Be Visible" library="AppiumLibrary">
<arg>${inputAddressLine1}</arg>
<doc>Verifies that element identified with locator is visible.</doc>
<msg timestamp="20230625 18:37:19.726" level="INFO">xpath criteria: //*[@content-desc="Address Line 1* input field"]</msg>
<status status="PASS" starttime="20230625 18:37:19.653" endtime="20230625 18:37:19.726"/>
</kw>
<kw name="Element Should Be Visible" library="AppiumLibrary">
<arg>${inputCity}</arg>
<doc>Verifies that element identified with locator is visible.</doc>
<msg timestamp="20230625 18:37:19.801" level="INFO">xpath criteria: //*[@content-desc="City* input field"]</msg>
<status status="PASS" starttime="20230625 18:37:19.727" endtime="20230625 18:37:19.801"/>
</kw>
<kw name="Element Should Be Visible" library="AppiumLibrary">
<arg>${buttonGoToPayment}</arg>
<doc>Verifies that element identified with locator is visible.</doc>
<msg timestamp="20230625 18:37:19.877" level="INFO">xpath criteria: //*[@content-desc="To Payment button"]</msg>
<status status="PASS" starttime="20230625 18:37:19.801" endtime="20230625 18:37:19.877"/>
</kw>
<status status="PASS" starttime="20230625 18:37:18.326" endtime="20230625 18:37:19.877"/>
</kw>
<kw name="When user input address data for checkout" library="CheckoutPage">
<kw name="user input name for checkout" library="CheckoutPage">
<kw name="Wait Until Element Is Visible" library="AppiumLibrary">
<arg>${inputNameOnCheckoutPage}</arg>
<doc>Waits until element specified with `locator` is visible.</doc>
<msg timestamp="20230625 18:37:19.954" level="INFO">xpath criteria: //*[@content-desc="Full Name* input field"]</msg>
<status status="PASS" starttime="20230625 18:37:19.878" endtime="20230625 18:37:19.954"/>
</kw>
<kw name="Input Text" library="AppiumLibrary">
<arg>${inputNameOnCheckoutPage}</arg>
<arg>anggadirja</arg>
<doc>Types the given `text` into text field identified by `locator`.</doc>
<msg timestamp="20230625 18:37:19.957" level="INFO">Typing text 'anggadirja' into text field 'xpath=//*[@content-desc="Full Name* input field"]'</msg>
<msg timestamp="20230625 18:37:20.653" level="INFO">xpath criteria: //*[@content-desc="Full Name* input field"]</msg>
<status status="PASS" starttime="20230625 18:37:19.955" endtime="20230625 18:37:20.653"/>
</kw>
<status status="PASS" starttime="20230625 18:37:19.878" endtime="20230625 18:37:20.653"/>
</kw>
<kw name="user input address line 1 for checkout" library="CheckoutPage">
<kw name="Wait Until Element Is Visible" library="AppiumLibrary">
<arg>${inputAddressLine1}</arg>
<doc>Waits until element specified with `locator` is visible.</doc>
<msg timestamp="20230625 18:37:21.216" level="INFO">xpath criteria: //*[@content-desc="Address Line 1* input field"]</msg>
<status status="PASS" starttime="20230625 18:37:20.654" endtime="20230625 18:37:21.216"/>
</kw>
<kw name="Input Text" library="AppiumLibrary">
<arg>${inputAddressLine1}</arg>
<arg>JL Ciliwung</arg>
<doc>Types the given `text` into text field identified by `locator`.</doc>
<msg timestamp="20230625 18:37:21.218" level="INFO">Typing text 'JL Ciliwung' into text field 'xpath=//*[@content-desc="Address Line 1* input field"]'</msg>
<msg timestamp="20230625 18:37:21.805" level="INFO">xpath criteria: //*[@content-desc="Address Line 1* input field"]</msg>
<status status="PASS" starttime="20230625 18:37:21.216" endtime="20230625 18:37:21.805"/>
</kw>
<status status="PASS" starttime="20230625 18:37:20.654" endtime="20230625 18:37:21.805"/>
</kw>
<kw name="user input address line 2 for checkout" library="CheckoutPage">
<kw name="Wait Until Element Is Visible" library="AppiumLibrary">
<arg>${inputAddressLine2}</arg>
<doc>Waits until element specified with `locator` is visible.</doc>
<msg timestamp="20230625 18:37:22.370" level="INFO">xpath criteria: //*[@content-desc="Address Line 2 input field"]</msg>
<status status="PASS" starttime="20230625 18:37:21.806" endtime="20230625 18:37:22.370"/>
</kw>
<kw name="Input Text" library="AppiumLibrary">
<arg>${inputAddressLine2}</arg>
<arg>rumah angga</arg>
<doc>Types the given `text` into text field identified by `locator`.</doc>
<msg timestamp="20230625 18:37:22.373" level="INFO">Typing text 'rumah angga' into text field 'xpath=//*[@content-desc="Address Line 2 input field"]'</msg>
<msg timestamp="20230625 18:37:22.453" level="INFO">xpath criteria: //*[@content-desc="Address Line 2 input field"]</msg>
<status status="PASS" starttime="20230625 18:37:22.371" endtime="20230625 18:37:22.453"/>
</kw>
<status status="PASS" starttime="20230625 18:37:21.805" endtime="20230625 18:37:22.454"/>
</kw>
<kw name="user input city for checkout" library="CheckoutPage">
<kw name="Wait Until Element Is Visible" library="AppiumLibrary">
<arg>${inputCity}</arg>
<doc>Waits until element specified with `locator` is visible.</doc>
<msg timestamp="20230625 18:37:23.020" level="INFO">xpath criteria: //*[@content-desc="City* input field"]</msg>
<status status="PASS" starttime="20230625 18:37:22.454" endtime="20230625 18:37:23.021"/>
</kw>
<kw name="Input Text" library="AppiumLibrary">
<arg>${inputCity}</arg>
<arg>Jakarta</arg>
<doc>Types the given `text` into text field identified by `locator`.</doc>
<msg timestamp="20230625 18:37:23.023" level="INFO">Typing text 'Jakarta' into text field 'xpath=//*[@content-desc="City* input field"]'</msg>
<msg timestamp="20230625 18:37:23.601" level="INFO">xpath criteria: //*[@content-desc="City* input field"]</msg>
<status status="PASS" starttime="20230625 18:37:23.021" endtime="20230625 18:37:23.601"/>
</kw>
<status status="PASS" starttime="20230625 18:37:22.454" endtime="20230625 18:37:23.601"/>
</kw>
<kw name="user input zip code for checkout" library="CheckoutPage">
<kw name="Wait Until Element Is Visible" library="AppiumLibrary">
<arg>${inputZipCode}</arg>
<doc>Waits until element specified with `locator` is visible.</doc>
<msg timestamp="20230625 18:37:24.176" level="INFO">xpath criteria: //*[@content-desc="Zip Code* input field"]</msg>
<status status="PASS" starttime="20230625 18:37:23.602" endtime="20230625 18:37:24.176"/>
</kw>
<kw name="Input Text" library="AppiumLibrary">
<arg>${inputZipCode}</arg>
<arg>13640</arg>
<doc>Types the given `text` into text field identified by `locator`.</doc>
<msg timestamp="20230625 18:37:24.178" level="INFO">Typing text '13640' into text field 'xpath=//*[@content-desc="Zip Code* input field"]'</msg>
<msg timestamp="20230625 18:37:24.756" level="INFO">xpath criteria: //*[@content-desc="Zip Code* input field"]</msg>
<status status="PASS" starttime="20230625 18:37:24.176" endtime="20230625 18:37:24.756"/>
</kw>
<status status="PASS" starttime="20230625 18:37:23.602" endtime="20230625 18:37:24.756"/>
</kw>
<kw name="user input country for checkout" library="CheckoutPage">
<kw name="Wait Until Element Is Visible" library="AppiumLibrary">
<arg>${inputCountry}</arg>
<doc>Waits until element specified with `locator` is visible.</doc>
<msg timestamp="20230625 18:37:25.264" level="INFO">xpath criteria: //*[@content-desc="Country* input field"]</msg>
<status status="PASS" starttime="20230625 18:37:24.757" endtime="20230625 18:37:25.264"/>
</kw>
<kw name="Input Text" library="AppiumLibrary">
<arg>${inputCountry}</arg>
<arg>Indonesia</arg>
<doc>Types the given `text` into text field identified by `locator`.</doc>
<msg timestamp="20230625 18:37:25.267" level="INFO">Typing text 'Indonesia' into text field 'xpath=//*[@content-desc="Country* input field"]'</msg>
<msg timestamp="20230625 18:37:25.855" level="INFO">xpath criteria: //*[@content-desc="Country* input field"]</msg>
<status status="PASS" starttime="20230625 18:37:25.264" endtime="20230625 18:37:25.855"/>
</kw>
<status status="PASS" starttime="20230625 18:37:24.757" endtime="20230625 18:37:25.855"/>
</kw>
<status status="PASS" starttime="20230625 18:37:19.877" endtime="20230625 18:37:25.855"/>
</kw>
<kw name="And user click go to payment page" library="CheckoutPage">
<kw name="Wait Until Element Is Visible" library="AppiumLibrary">
<arg>${buttonGoToPayment}</arg>
<doc>Waits until element specified with `locator` is visible.</doc>
<msg timestamp="20230625 18:37:26.427" level="INFO">xpath criteria: //*[@content-desc="To Payment button"]</msg>
<status status="PASS" starttime="20230625 18:37:25.858" endtime="20230625 18:37:26.427"/>
</kw>
<kw name="Click Element" library="AppiumLibrary">
<arg>${buttonGoToPayment}</arg>
<doc>Click element identified by `locator`.</doc>
<msg timestamp="20230625 18:37:26.430" level="INFO">Clicking element 'xpath=//*[@content-desc="To Payment button"]'.</msg>
<msg timestamp="20230625 18:37:26.502" level="INFO">xpath criteria: //*[@content-desc="To Payment button"]</msg>
<status status="PASS" starttime="20230625 18:37:26.427" endtime="20230625 18:37:26.502"/>
</kw>
<status status="PASS" starttime="20230625 18:37:25.856" endtime="20230625 18:37:26.502"/>
</kw>
<kw name="Then user is on payment page" library="PaymentPage">
<kw name="Wait Until Element Is Visible" library="AppiumLibrary">
<arg>${inputNameOnPaymentPage}</arg>
<doc>Waits until element specified with `locator` is visible.</doc>
<msg timestamp="20230625 18:37:26.650" level="INFO">xpath criteria: (//*[contains(@content-desc,"Full Name")])[1]</msg>
<status status="PASS" starttime="20230625 18:37:26.502" endtime="20230625 18:37:26.650"/>
</kw>
<status status="PASS" starttime="20230625 18:37:26.502" endtime="20230625 18:37:26.650"/>
</kw>
<kw name="When user input payment credentials" library="PaymentPage">
<kw name="user get payment credentials" library="PaymentPage">
<kw name="Set Global Variable" library="BuiltIn">
<arg>${NameCC}</arg>
<arg>Rebecca Winter</arg>
<doc>Makes a variable available globally in all tests and suites.</doc>
<msg timestamp="20230625 18:37:26.652" level="INFO">${NameCC} = Rebecca Winter</msg>
<status status="PASS" starttime="20230625 18:37:26.651" endtime="20230625 18:37:26.652"/>
</kw>
<kw name="Set Global Variable" library="BuiltIn">
<arg>${NoCC}</arg>
<arg>325812657568789</arg>
<doc>Makes a variable available globally in all tests and suites.</doc>
<msg timestamp="20230625 18:37:26.654" level="INFO">${NoCC} = 325812657568789</msg>
<status status="PASS" starttime="20230625 18:37:26.652" endtime="20230625 18:37:26.654"/>
</kw>
<kw name="Set Global Variable" library="BuiltIn">
<arg>${ExpCC}</arg>
<arg>0325</arg>
<doc>Makes a variable available globally in all tests and suites.</doc>
<msg timestamp="20230625 18:37:26.656" level="INFO">${ExpCC} = 0325</msg>
<status status="PASS" starttime="20230625 18:37:26.654" endtime="20230625 18:37:26.656"/>
</kw>
<kw name="Set Global Variable" library="BuiltIn">
<arg>${CodeCC}</arg>
<arg>123</arg>
<doc>Makes a variable available globally in all tests and suites.</doc>
<msg timestamp="20230625 18:37:26.657" level="INFO">${CodeCC} = 123</msg>
<status status="PASS" starttime="20230625 18:37:26.656" endtime="20230625 18:37:26.657"/>
</kw>
<status status="PASS" starttime="20230625 18:37:26.651" endtime="20230625 18:37:26.657"/>
</kw>
<kw name="Sleep" library="BuiltIn">
<arg>5</arg>
<doc>Pauses the test executed for the given time.</doc>
<msg timestamp="20230625 18:37:31.659" level="INFO">Slept 5 seconds</msg>
<status status="PASS" starttime="20230625 18:37:26.658" endtime="20230625 18:37:31.660"/>
</kw>
<kw name="Wait Until Element Is Visible" library="AppiumLibrary">
<arg>${inputNameOnPaymentPage}</arg>
<doc>Waits until element specified with `locator` is visible.</doc>
<msg timestamp="20230625 18:37:31.734" level="INFO">xpath criteria: (//*[contains(@content-desc,"Full Name")])[1]</msg>
<status status="PASS" starttime="20230625 18:37:31.660" endtime="20230625 18:37:31.734"/>
</kw>
<kw name="Input Text" library="AppiumLibrary">
<arg>${inputNameOnPaymentPage}</arg>
<arg>${NameCC}</arg>
<doc>Types the given `text` into text field identified by `locator`.</doc>
<msg timestamp="20230625 18:37:31.737" level="INFO">Typing text 'Rebecca Winter' into text field 'xpath=(//*[contains(@content-desc,"Full Name")])[1]'</msg>
<msg timestamp="20230625 18:37:32.317" level="INFO">xpath criteria: (//*[contains(@content-desc,"Full Name")])[1]</msg>
<status status="PASS" starttime="20230625 18:37:31.735" endtime="20230625 18:37:32.317"/>
</kw>
<kw name="Input Text" library="AppiumLibrary">
<arg>${inputCardNumber}</arg>
<arg>${NoCC}</arg>
<doc>Types the given `text` into text field identified by `locator`.</doc>
<msg timestamp="20230625 18:37:32.320" level="INFO">Typing text '325812657568789' into text field 'xpath=(//*[contains(@content-desc,"Card Number")])[1]'</msg>
<msg timestamp="20230625 18:37:33.398" level="INFO">xpath criteria: (//*[contains(@content-desc,"Card Number")])[1]</msg>
<status status="PASS" starttime="20230625 18:37:32.317" endtime="20230625 18:37:33.398"/>
</kw>
<kw name="Input Text" library="AppiumLibrary">
<arg>${inputExpiredDateOnPaymentPage}</arg>
<arg>${ExpCC}</arg>
<doc>Types the given `text` into text field identified by `locator`.</doc>
<msg timestamp="20230625 18:37:33.407" level="INFO">Typing text '0325' into text field 'xpath=(//*[contains(@content-desc,"Expiration Date")])[1]'</msg>
<msg timestamp="20230625 18:37:34.533" level="INFO">xpath criteria: (//*[contains(@content-desc,"Expiration Date")])[1]</msg>
<status status="PASS" starttime="20230625 18:37:33.399" endtime="20230625 18:37:34.533"/>
</kw>
<kw name="Input Text" library="AppiumLibrary">
<arg>${inputSecurityCode}</arg>
<arg>${CodeCC}</arg>
<doc>Types the given `text` into text field identified by `locator`.</doc>
<msg timestamp="20230625 18:37:34.538" level="INFO">Typing text '123' into text field 'xpath=(//*[contains(@content-desc,"Security Code")])[1]'</msg>
<msg timestamp="20230625 18:37:35.677" level="INFO">xpath criteria: (//*[contains(@content-desc,"Security Code")])[1]</msg>
<status status="PASS" starttime="20230625 18:37:34.534" endtime="20230625 18:37:35.677"/>
</kw>
<status status="PASS" starttime="20230625 18:37:26.650" endtime="20230625 18:37:35.677"/>
</kw>
<kw name="And user click button review order" library="PaymentPage">
<kw name="Wait Until Element Is Visible" library="AppiumLibrary">
<arg>${buttonReviewOrder}</arg>
<doc>Waits until element specified with `locator` is visible.</doc>
<msg timestamp="20230625 18:37:36.239" level="INFO">xpath criteria: //*[@content-desc="Review Order button"]</msg>
<status status="PASS" starttime="20230625 18:37:35.678" endtime="20230625 18:37:36.239"/>
</kw>
<kw name="Click Element" library="AppiumLibrary">
<arg>${buttonReviewOrder}</arg>
<doc>Click element identified by `locator`.</doc>
<msg timestamp="20230625 18:37:36.242" level="INFO">Clicking element 'xpath=//*[@content-desc="Review Order button"]'.</msg>
<msg timestamp="20230625 18:37:36.302" level="INFO">xpath criteria: //*[@content-desc="Review Order button"]</msg>
<status status="PASS" starttime="20230625 18:37:36.239" endtime="20230625 18:37:36.302"/>
</kw>
<status status="PASS" starttime="20230625 18:37:35.677" endtime="20230625 18:37:36.302"/>
</kw>
<kw name="Then user is on review order page" library="ReviewOrderPage">
<kw name="Wait Until Element Is Visible" library="AppiumLibrary">
<arg>${buttonPlaceOrder}</arg>
<doc>Waits until element specified with `locator` is visible.</doc>
<msg timestamp="20230625 18:37:37.700" level="INFO">xpath criteria: //*[@content-desc="Place Order button"]
xpath criteria: //*[@content-desc="Place Order button"]</msg>
<status status="PASS" starttime="20230625 18:37:36.303" endtime="20230625 18:37:37.700"/>
</kw>
<kw name="Element Should Be Visible" library="AppiumLibrary">
<arg>${buttonPlaceOrder}</arg>
<doc>Verifies that element identified with locator is visible.</doc>
<msg timestamp="20230625 18:37:37.763" level="INFO">xpath criteria: //*[@content-desc="Place Order button"]</msg>
<status status="PASS" starttime="20230625 18:37:37.700" endtime="20230625 18:37:37.763"/>
</kw>
<status status="PASS" starttime="20230625 18:37:36.303" endtime="20230625 18:37:37.763"/>
</kw>
<kw name="When user click place order" library="ReviewOrderPage">
<kw name="Wait Until Element Is Visible" library="AppiumLibrary">
<arg>${buttonPlaceOrder}</arg>
<doc>Waits until element specified with `locator` is visible.</doc>
<msg timestamp="20230625 18:37:37.828" level="INFO">xpath criteria: //*[@content-desc="Place Order button"]</msg>
<status status="PASS" starttime="20230625 18:37:37.764" endtime="20230625 18:37:37.828"/>
</kw>
<kw name="Click Element" library="AppiumLibrary">
<arg>${buttonPlaceOrder}</arg>
<doc>Click element identified by `locator`.</doc>
<msg timestamp="20230625 18:37:37.831" level="INFO">Clicking element 'xpath=//*[@content-desc="Place Order button"]'.</msg>
<msg timestamp="20230625 18:37:37.932" level="INFO">xpath criteria: //*[@content-desc="Place Order button"]</msg>
<status status="PASS" starttime="20230625 18:37:37.828" endtime="20230625 18:37:37.932"/>
</kw>
<status status="PASS" starttime="20230625 18:37:37.763" endtime="20230625 18:37:37.933"/>
</kw>
<kw name="Then user is on checkout complete page" library="CheckoutCompletePage">
<kw name="Wait Until Element Is Visible" library="AppiumLibrary">
<arg>${buttonContinueShopping}</arg>
<doc>Waits until element specified with `locator` is visible.</doc>
<msg timestamp="20230625 18:37:39.207" level="INFO">xpath criteria: //*[@content-desc="Continue Shopping button"]
xpath criteria: //*[@content-desc="Continue Shopping button"]</msg>
<status status="PASS" starttime="20230625 18:37:37.934" endtime="20230625 18:37:39.207"/>
</kw>
<kw name="Element Should Be Visible" library="AppiumLibrary">
<arg>${buttonContinueShopping}</arg>
<doc>Verifies that element identified with locator is visible.</doc>
<msg timestamp="20230625 18:37:39.249" level="INFO">xpath criteria: //*[@content-desc="Continue Shopping button"]</msg>
<status status="PASS" starttime="20230625 18:37:39.207" endtime="20230625 18:37:39.249"/>
</kw>
<status status="PASS" starttime="20230625 18:37:37.933" endtime="20230625 18:37:39.249"/>
</kw>
<status status="PASS" starttime="20230625 18:37:03.382" endtime="20230625 18:37:39.249"/>
</kw>
<doc>this scenario to verify user can create order</doc>
<tag>order</tag>
<tag>positive</tag>
<tag>prod</tag>
<status status="PASS" starttime="20230625 18:37:03.381" endtime="20230625 18:37:39.249"/>
</test>
<kw name="After Suite" library="prod" type="TEARDOWN">
<kw name="Remove Application" library="AppiumLibrary">
<arg>${APP PACKAGE}</arg>
<doc>Removes the application that is identified with an application id</doc>
<status status="PASS" starttime="20230625 18:37:39.250" endtime="20230625 18:37:40.873"/>
</kw>
<kw name="Close Application" library="AppiumLibrary">
<doc>Closes the current application and also close webdriver session.</doc>
<status status="PASS" starttime="20230625 18:37:40.873" endtime="20230625 18:37:41.516"/>
</kw>
<status status="PASS" starttime="20230625 18:37:39.250" endtime="20230625 18:37:41.516"/>
</kw>
<status status="PASS" starttime="20230625 18:36:53.310" endtime="20230625 18:37:41.516"/>
</suite>
<status status="PASS" starttime="20230625 18:36:20.635" endtime="20230625 18:37:41.518"/>
</suite>
<statistics>
<total>
<stat pass="3" fail="0" skip="0">All Tests</stat>
</total>
<tag>
<stat pass="2" fail="0" skip="0">credentials</stat>
<stat pass="1" fail="0" skip="0">geolocation</stat>
<stat pass="1" fail="0" skip="0">latlong</stat>
<stat pass="2" fail="0" skip="0">login</stat>
<stat pass="1" fail="0" skip="0">negative</stat>
<stat pass="1" fail="0" skip="0">order</stat>
<stat pass="2" fail="0" skip="0">positive</stat>
<stat pass="3" fail="0" skip="0">prod</stat>
</tag>
<suite>
<stat pass="3" fail="0" skip="0" id="s1" name="TestSuite">TestSuite</stat>
<stat pass="2" fail="0" skip="0" id="s1-s1" name="LoginSuite">TestSuite.LoginSuite</stat>
<stat pass="1" fail="0" skip="0" id="s1-s2" name="OrderSuite">TestSuite.OrderSuite</stat>
</suite>
</statistics>
<errors>
</errors>
</robot>
